2020-05-07 20:44:05,344 ERROR 78290 [-/127.0.0.1/-/0ms GET /] nodejs.PROTOCOL_SEQUENCE_TIMEOUTError: Handshake inactivity timeout
    at Handshake.<anonymous> (/Users/jorky/code/TexasPokerGame/server/node_modules/mysql/lib/protocol/Protocol.js:160:17)
    at Handshake.emit (events.js:311:20)
    at Handshake._onTimeout (/Users/jorky/code/TexasPokerGame/server/node_modules/mysql/lib/protocol/sequences/Sequence.js:124:8)
    at Timer._onTimeout (/Users/jorky/code/TexasPokerGame/server/node_modules/mysql/lib/protocol/Timer.js:32:23)
    at listOnTimeout (internal/timers.js:549:17)
    at processTimers (internal/timers.js:492:7)
    --------------------
    at Protocol._enqueue (/Users/jorky/code/TexasPokerGame/server/node_modules/mysql/lib/protocol/Protocol.js:144:48)
    at Protocol.handshake (/Users/jorky/code/TexasPokerGame/server/node_modules/mysql/lib/protocol/Protocol.js:51:23)
    at PoolConnection.connect (/Users/jorky/code/TexasPokerGame/server/node_modules/mysql/lib/Connection.js:116:18)
    at Pool.getConnection (/Users/jorky/code/TexasPokerGame/server/node_modules/mysql/lib/Pool.js:48:16)
    at /Users/jorky/code/TexasPokerGame/server/node_modules/ali-rds/node_modules/pify/index.js:29:7
    at new Promise (<anonymous>)
    at Pool.<anonymous> (/Users/jorky/code/TexasPokerGame/server/node_modules/ali-rds/node_modules/pify/index.js:12:10)
    at Pool.ret [as getConnection] (/Users/jorky/code/TexasPokerGame/server/node_modules/ali-rds/node_modules/pify/index.js:56:34)
    at Pool.query (/Users/jorky/code/TexasPokerGame/server/node_modules/mysql/lib/Pool.js:202:8)
    at /Users/jorky/code/TexasPokerGame/server/node_modules/ali-rds/node_modules/pify/index.js:29:7
    sql: select now() as currentTime;
code: "PROTOCOL_SEQUENCE_TIMEOUT"
fatal: true
timeout: 10000
name: "PROTOCOL_SEQUENCE_TIMEOUTError"
pid: 78290
hostname: 192.168.0.103

2020-05-07 20:45:22,155 INFO 78332 [-/192.168.0.103/-/210ms POST /node/user/login] AccountService getToken token--eyJhbGciOiJIUzI1NiIsInR5cCI6IkpXVCJ9.eyJ1c2VyIjp7Im5pY2tOYW1lIjoiYyIsImFjY291bnQiOiJjYWkiLCJ1c2VySWQiOjF9LCJpYXQiOjE1ODg4NTU1MjIsImV4cCI6MTU4ODg3NzEyMn0.cr3MhjjEwzyQolAeuWu2nDwdNgfJMi0UdTkAJ69y-nk
2020-05-07 20:45:22,158 INFO 78332 [-/192.168.0.103/-/214ms POST /node/user/login] {
  fetchStart: 1588855521964,
  url: '/node/user/login',
  requestBody: { userAccount: 'cai', password: '123' },
  message: 'POST /node/user/login info',
  level: 'INFO',
  status: 200,
  fetchEnd: 1588855522158
}
2020-05-07 20:45:24,696 INFO 78332 [-/192.168.0.103/-/98ms POST /node/game/room] {
  fetchStart: 1588855524600,
  url: '/node/game/room',
  requestBody: {},
  message: 'POST /node/game/room info',
  level: 'INFO',
  status: 200,
  fetchEnd: 1588855524696
}
2020-05-07 22:55:00,510 ERROR 78332 [-/192.168.0.103/-/7ms GET /socket.io/?room=993810&token=eyJhbGciOiJIUzI1NiIsInR5cCI6IkpXVCJ9.eyJ1c2VyIjp7Im5pY2tOYW1lIjoiYyIsImFjY291bnQiOiJjYWkiLCJ1c2VySWQiOjF9LCJpYXQiOjE1ODg4NTU1MjIsImV4cCI6MTU4ODg3NzEyMn0.cr3MhjjEwzyQolAeuWu2nDwdNgfJMi0UdTkAJ69y-nk&EIO=3&transport=websocket] room service tick null
2020-05-07 22:59:00,651 ERROR 78332 [-/192.168.0.103/-/5ms GET /socket.io/?room=993810&token=eyJhbGciOiJIUzI1NiIsInR5cCI6IkpXVCJ9.eyJ1c2VyIjp7Im5pY2tOYW1lIjoiYyIsImFjY291bnQiOiJjYWkiLCJ1c2VySWQiOjF9LCJpYXQiOjE1ODg4NTU1MjIsImV4cCI6MTU4ODg3NzEyMn0.cr3MhjjEwzyQolAeuWu2nDwdNgfJMi0UdTkAJ69y-nk&EIO=3&transport=websocket] room service tick null
2020-05-07 23:30:05,956 INFO 79897 [-/192.168.0.103/-/206ms POST /node/user/login] AccountService getToken token--eyJhbGciOiJIUzI1NiIsInR5cCI6IkpXVCJ9.eyJ1c2VyIjp7Im5pY2tOYW1lIjoiYyIsImFjY291bnQiOiJjYWkiLCJ1c2VySWQiOjF9LCJpYXQiOjE1ODg4NjU0MDUsImV4cCI6MTU4ODg4NzAwNX0.EBGmwOyAYl5EeXsFU2TOOslSYQ8BVmDntMDDt5tE36A
2020-05-07 23:30:05,960 INFO 79897 [-/192.168.0.103/-/210ms POST /node/user/login] {
  fetchStart: 1588865405766,
  url: '/node/user/login',
  requestBody: { userAccount: 'cai', password: '123' },
  message: 'POST /node/user/login info',
  level: 'INFO',
  status: 200,
  fetchEnd: 1588865405960
}
2020-05-07 23:30:06,916 INFO 79897 [-/192.168.0.103/-/100ms POST /node/game/room] {
  fetchStart: 1588865406818,
  url: '/node/game/room',
  requestBody: {},
  message: 'POST /node/game/room info',
  level: 'INFO',
  status: 200,
  fetchEnd: 1588865406916
}
