2020-04-21 00:00:01,303 INFO 47851 [egg-logrotator] app logger reload: got log-reload message
2020-04-21 00:23:26,322 INFO 48621 [egg:logger] init all loggers with options: {"dir":"/Users/jorky/code/TexasPokerGame/server/logs/game-node-center","encoding":"utf8","env":"local","level":"INFO","consoleLevel":"INFO","disableConsoleAfterReady":false,"outputJSON":false,"buffer":true,"appLogName":"app.log","coreLogName":"core.log","agentLogName":"agent.log","errorLogName":"error.log","coreLogger":{"consoleLevel":"WARN"},"allowDebugAtProd":false,"type":"application"}
2020-04-21 00:23:26,354 INFO 48621 [egg-multipart] stream mode enable
2020-04-21 00:23:26,409 INFO 48621 [egg-redis] server connecting redis://:***@127.0.0.1:6379/0
2020-04-21 00:23:26,439 INFO 48621 [egg-mysql] connecting root@47.104.172.100:3306/poker
2020-04-21 00:23:26,640 INFO 48621 [egg-static] starting static serve /public/ -> /Users/jorky/code/TexasPokerGame/server/src/app/public
2020-04-21 00:23:26,643 INFO 48621 [egg-security] use noopen middleware
2020-04-21 00:23:26,644 INFO 48621 [egg-security] use nosniff middleware
2020-04-21 00:23:26,646 INFO 48621 [egg-security] use xssProtection middleware
2020-04-21 00:23:26,648 INFO 48621 [egg-security] use xframe middleware
2020-04-21 00:23:26,649 INFO 48621 [egg-security] use dta middleware
2020-04-21 00:23:26,649 INFO 48621 [egg-security] compose 5 middlewares into one security middleware
2020-04-21 00:23:26,658 INFO 48621 [egg:core] dump config after load, 6ms
2020-04-21 00:23:26,673 INFO 48621 [egg-redis] client connect success
2020-04-21 00:23:26,678 INFO 48621 [egg-redis] instance[0] status OK, client ready
2020-04-21 00:23:26,682 INFO 48621 [egg-watcher:application] watcher start success
2020-04-21 00:23:26,870 INFO 48621 [egg-mysql] instance[0] status OK, rds currentTime: Tue Apr 21 2020 00:23:28 GMT+0800 (China Standard Time)
2020-04-21 00:23:26,899 INFO 48621 [egg:core] dump config after ready, 5ms
2020-04-21 00:28:43,379 INFO 48633 [egg:logger] init all loggers with options: {"dir":"/Users/jorky/code/TexasPokerGame/server/logs/game-node-center","encoding":"utf8","env":"local","level":"INFO","consoleLevel":"INFO","disableConsoleAfterReady":false,"outputJSON":false,"buffer":true,"appLogName":"app.log","coreLogName":"core.log","agentLogName":"agent.log","errorLogName":"error.log","coreLogger":{"consoleLevel":"WARN"},"allowDebugAtProd":false,"type":"application"}
2020-04-21 00:28:43,409 INFO 48633 [egg-multipart] stream mode enable
2020-04-21 00:28:43,462 INFO 48633 [egg-redis] server connecting redis://:***@127.0.0.1:6379/0
2020-04-21 00:28:43,478 INFO 48633 [egg-mysql] connecting root@47.104.172.100:3306/poker
2020-04-21 00:28:43,725 INFO 48633 [egg-static] starting static serve /public/ -> /Users/jorky/code/TexasPokerGame/server/src/app/public
2020-04-21 00:28:43,727 INFO 48633 [egg-security] use noopen middleware
2020-04-21 00:28:43,728 INFO 48633 [egg-security] use nosniff middleware
2020-04-21 00:28:43,729 INFO 48633 [egg-security] use xssProtection middleware
2020-04-21 00:28:43,730 INFO 48633 [egg-security] use xframe middleware
2020-04-21 00:28:43,731 INFO 48633 [egg-security] use dta middleware
2020-04-21 00:28:43,731 INFO 48633 [egg-security] compose 5 middlewares into one security middleware
2020-04-21 00:28:43,739 INFO 48633 [egg:core] dump config after load, 5ms
2020-04-21 00:28:43,753 INFO 48633 [egg-redis] client connect success
2020-04-21 00:28:43,758 INFO 48633 [egg-redis] instance[0] status OK, client ready
2020-04-21 00:28:43,760 INFO 48633 [egg-watcher:application] watcher start success
2020-04-21 00:28:43,955 INFO 48633 [egg-mysql] instance[0] status OK, rds currentTime: Tue Apr 21 2020 00:28:45 GMT+0800 (China Standard Time)
2020-04-21 00:28:43,985 INFO 48633 [egg:core] dump config after ready, 5ms
2020-04-21 00:29:37,030 ERROR 48633 nodejs.unhandledRejectionError: incorrect action: check
    at MidwayApplication._unhandledRejectionHandler (/Users/jorky/code/TexasPokerGame/server/node_modules/egg/lib/egg.js:344:24)
    at process.emit (events.js:311:20)
    at process.emit (/Users/jorky/code/TexasPokerGame/server/node_modules/source-map-support/source-map-support.js:485:21)
    at processPromiseRejections (internal/process/promises.js:209:33)
    at processTicksAndRejections (internal/process/task_queues.js:98:32)
name: "unhandledRejectionError"
pid: 48633
hostname: 192.168.0.105

2020-04-21 00:30:33,828 INFO 48645 [egg:logger] init all loggers with options: {"dir":"/Users/jorky/code/TexasPokerGame/server/logs/game-node-center","encoding":"utf8","env":"local","level":"INFO","consoleLevel":"INFO","disableConsoleAfterReady":false,"outputJSON":false,"buffer":true,"appLogName":"app.log","coreLogName":"core.log","agentLogName":"agent.log","errorLogName":"error.log","coreLogger":{"consoleLevel":"WARN"},"allowDebugAtProd":false,"type":"application"}
2020-04-21 00:30:33,856 INFO 48645 [egg-multipart] stream mode enable
2020-04-21 00:30:33,908 INFO 48645 [egg-redis] server connecting redis://:***@127.0.0.1:6379/0
2020-04-21 00:30:33,923 INFO 48645 [egg-mysql] connecting root@47.104.172.100:3306/poker
2020-04-21 00:30:34,133 INFO 48645 [egg-static] starting static serve /public/ -> /Users/jorky/code/TexasPokerGame/server/src/app/public
2020-04-21 00:30:34,135 INFO 48645 [egg-security] use noopen middleware
2020-04-21 00:30:34,136 INFO 48645 [egg-security] use nosniff middleware
2020-04-21 00:30:34,137 INFO 48645 [egg-security] use xssProtection middleware
2020-04-21 00:30:34,138 INFO 48645 [egg-security] use xframe middleware
2020-04-21 00:30:34,139 INFO 48645 [egg-security] use dta middleware
2020-04-21 00:30:34,139 INFO 48645 [egg-security] compose 5 middlewares into one security middleware
2020-04-21 00:30:34,147 INFO 48645 [egg:core] dump config after load, 5ms
2020-04-21 00:30:34,159 INFO 48645 [egg-redis] client connect success
2020-04-21 00:30:34,164 INFO 48645 [egg-redis] instance[0] status OK, client ready
2020-04-21 00:30:34,166 INFO 48645 [egg-watcher:application] watcher start success
2020-04-21 00:30:34,430 INFO 48645 [egg-mysql] instance[0] status OK, rds currentTime: Tue Apr 21 2020 00:30:35 GMT+0800 (China Standard Time)
2020-04-21 00:30:34,452 INFO 48645 [egg:core] dump config after ready, 4ms
2020-04-21 22:51:21,374 INFO 49450 [egg:logger] init all loggers with options: {"dir":"/Users/jorky/code/TexasPokerGame/server/logs/game-node-center","encoding":"utf8","env":"local","level":"INFO","consoleLevel":"INFO","disableConsoleAfterReady":false,"outputJSON":false,"buffer":true,"appLogName":"app.log","coreLogName":"core.log","agentLogName":"agent.log","errorLogName":"error.log","coreLogger":{"consoleLevel":"WARN"},"allowDebugAtProd":false,"type":"application"}
2020-04-21 22:51:21,399 INFO 49450 [egg-multipart] stream mode enable
2020-04-21 22:51:21,462 INFO 49450 [egg-redis] server connecting redis://:***@127.0.0.1:6379/0
2020-04-21 22:51:21,479 INFO 49450 [egg-mysql] connecting root@47.104.172.100:3306/poker
2020-04-21 22:51:21,665 INFO 49450 [egg-static] starting static serve /public/ -> /Users/jorky/code/TexasPokerGame/server/src/app/public
2020-04-21 22:51:21,667 INFO 49450 [egg-security] use noopen middleware
2020-04-21 22:51:21,667 INFO 49450 [egg-security] use nosniff middleware
2020-04-21 22:51:21,668 INFO 49450 [egg-security] use xssProtection middleware
2020-04-21 22:51:21,668 INFO 49450 [egg-security] use xframe middleware
2020-04-21 22:51:21,669 INFO 49450 [egg-security] use dta middleware
2020-04-21 22:51:21,669 INFO 49450 [egg-security] compose 5 middlewares into one security middleware
2020-04-21 22:51:21,677 INFO 49450 [egg:core] dump config after load, 5ms
2020-04-21 22:51:21,690 INFO 49450 [egg-redis] client connect success
2020-04-21 22:51:21,695 INFO 49450 [egg-redis] instance[0] status OK, client ready
2020-04-21 22:51:21,698 INFO 49450 [egg-watcher:application] watcher start success
2020-04-21 22:51:22,001 INFO 49450 [egg-mysql] instance[0] status OK, rds currentTime: Tue Apr 21 2020 22:51:21 GMT+0800 (China Standard Time)
2020-04-21 22:51:22,037 INFO 49450 [egg:core] dump config after ready, 7ms
2020-04-21 23:01:05,231 INFO 49495 [egg:logger] init all loggers with options: {"dir":"/Users/jorky/code/TexasPokerGame/server/logs/game-node-center","encoding":"utf8","env":"local","level":"INFO","consoleLevel":"INFO","disableConsoleAfterReady":false,"outputJSON":false,"buffer":true,"appLogName":"app.log","coreLogName":"core.log","agentLogName":"agent.log","errorLogName":"error.log","coreLogger":{"consoleLevel":"WARN"},"allowDebugAtProd":false,"type":"application"}
2020-04-21 23:01:05,266 INFO 49495 [egg-multipart] stream mode enable
2020-04-21 23:01:05,314 INFO 49495 [egg-redis] server connecting redis://:***@127.0.0.1:6379/0
2020-04-21 23:01:05,330 INFO 49495 [egg-mysql] connecting root@47.104.172.100:3306/poker
2020-04-21 23:01:05,557 INFO 49495 [egg-static] starting static serve /public/ -> /Users/jorky/code/TexasPokerGame/server/src/app/public
2020-04-21 23:01:05,563 INFO 49495 [egg-security] use noopen middleware
2020-04-21 23:01:05,565 INFO 49495 [egg-security] use nosniff middleware
2020-04-21 23:01:05,566 INFO 49495 [egg-security] use xssProtection middleware
2020-04-21 23:01:05,568 INFO 49495 [egg-security] use xframe middleware
2020-04-21 23:01:05,570 INFO 49495 [egg-security] use dta middleware
2020-04-21 23:01:05,570 INFO 49495 [egg-security] compose 5 middlewares into one security middleware
2020-04-21 23:01:05,587 INFO 49495 [egg:core] dump config after load, 9ms
2020-04-21 23:01:05,611 INFO 49495 [egg-redis] client connect success
2020-04-21 23:01:05,614 INFO 49495 [egg-redis] instance[0] status OK, client ready
2020-04-21 23:01:05,622 INFO 49495 [egg-watcher:application] watcher start success
2020-04-21 23:01:05,786 INFO 49495 [egg-mysql] instance[0] status OK, rds currentTime: Tue Apr 21 2020 23:01:05 GMT+0800 (China Standard Time)
2020-04-21 23:01:05,814 INFO 49495 [egg:core] dump config after ready, 5ms
2020-04-21 23:07:10,830 INFO 49545 [egg:logger] init all loggers with options: {"dir":"/Users/jorky/code/TexasPokerGame/server/logs/game-node-center","encoding":"utf8","env":"local","level":"INFO","consoleLevel":"INFO","disableConsoleAfterReady":false,"outputJSON":false,"buffer":true,"appLogName":"app.log","coreLogName":"core.log","agentLogName":"agent.log","errorLogName":"error.log","coreLogger":{"consoleLevel":"WARN"},"allowDebugAtProd":false,"type":"application"}
2020-04-21 23:07:10,862 INFO 49545 [egg-multipart] stream mode enable
2020-04-21 23:07:10,912 INFO 49545 [egg-redis] server connecting redis://:***@127.0.0.1:6379/0
2020-04-21 23:07:10,927 INFO 49545 [egg-mysql] connecting root@47.104.172.100:3306/poker
2020-04-21 23:07:11,095 INFO 49545 [egg-static] starting static serve /public/ -> /Users/jorky/code/TexasPokerGame/server/src/app/public
2020-04-21 23:07:11,097 INFO 49545 [egg-security] use noopen middleware
2020-04-21 23:07:11,098 INFO 49545 [egg-security] use nosniff middleware
2020-04-21 23:07:11,099 INFO 49545 [egg-security] use xssProtection middleware
2020-04-21 23:07:11,100 INFO 49545 [egg-security] use xframe middleware
2020-04-21 23:07:11,101 INFO 49545 [egg-security] use dta middleware
2020-04-21 23:07:11,101 INFO 49545 [egg-security] compose 5 middlewares into one security middleware
2020-04-21 23:07:11,110 INFO 49545 [egg:core] dump config after load, 6ms
2020-04-21 23:07:11,122 INFO 49545 [egg-redis] client connect success
2020-04-21 23:07:11,127 INFO 49545 [egg-redis] instance[0] status OK, client ready
2020-04-21 23:07:11,130 INFO 49545 [egg-watcher:application] watcher start success
2020-04-21 23:07:11,304 INFO 49545 [egg-mysql] instance[0] status OK, rds currentTime: Tue Apr 21 2020 23:07:11 GMT+0800 (China Standard Time)
2020-04-21 23:07:11,341 INFO 49545 [egg:core] dump config after ready, 7ms
2020-04-21 23:22:56,747 INFO 49588 [egg:logger] init all loggers with options: {"dir":"/Users/jorky/code/TexasPokerGame/server/logs/game-node-center","encoding":"utf8","env":"local","level":"INFO","consoleLevel":"INFO","disableConsoleAfterReady":false,"outputJSON":false,"buffer":true,"appLogName":"app.log","coreLogName":"core.log","agentLogName":"agent.log","errorLogName":"error.log","coreLogger":{"consoleLevel":"WARN"},"allowDebugAtProd":false,"type":"application"}
2020-04-21 23:22:56,780 INFO 49588 [egg-multipart] stream mode enable
2020-04-21 23:22:56,818 INFO 49588 [egg-redis] server connecting redis://:***@127.0.0.1:6379/0
2020-04-21 23:22:56,849 INFO 49588 [egg-mysql] connecting root@47.104.172.100:3306/poker
2020-04-21 23:22:57,039 INFO 49588 [egg-static] starting static serve /public/ -> /Users/jorky/code/TexasPokerGame/server/src/app/public
2020-04-21 23:22:57,041 INFO 49588 [egg-security] use noopen middleware
2020-04-21 23:22:57,042 INFO 49588 [egg-security] use nosniff middleware
2020-04-21 23:22:57,043 INFO 49588 [egg-security] use xssProtection middleware
2020-04-21 23:22:57,044 INFO 49588 [egg-security] use xframe middleware
2020-04-21 23:22:57,045 INFO 49588 [egg-security] use dta middleware
2020-04-21 23:22:57,045 INFO 49588 [egg-security] compose 5 middlewares into one security middleware
2020-04-21 23:22:57,053 INFO 49588 [egg:core] dump config after load, 5ms
2020-04-21 23:22:57,065 INFO 49588 [egg-redis] client connect success
2020-04-21 23:22:57,070 INFO 49588 [egg-redis] instance[0] status OK, client ready
2020-04-21 23:22:57,072 INFO 49588 [egg-watcher:application] watcher start success
2020-04-21 23:22:57,249 INFO 49588 [egg-mysql] instance[0] status OK, rds currentTime: Tue Apr 21 2020 23:22:57 GMT+0800 (China Standard Time)
2020-04-21 23:22:57,289 INFO 49588 [egg:core] dump config after ready, 8ms
2020-04-21 23:40:31,676 INFO 51407 [egg:logger] init all loggers with options: {"dir":"/Users/jorky/code/TexasPokerGame/server/logs/game-node-center","encoding":"utf8","env":"local","level":"INFO","consoleLevel":"INFO","disableConsoleAfterReady":false,"outputJSON":false,"buffer":true,"appLogName":"app.log","coreLogName":"core.log","agentLogName":"agent.log","errorLogName":"error.log","coreLogger":{"consoleLevel":"WARN"},"allowDebugAtProd":false,"type":"application"}
2020-04-21 23:40:31,700 INFO 51407 [egg-multipart] stream mode enable
2020-04-21 23:40:31,776 INFO 51407 [egg-redis] server connecting redis://:***@127.0.0.1:6379/0
2020-04-21 23:40:31,795 INFO 51407 [egg-mysql] connecting root@47.104.172.100:3306/poker
2020-04-21 23:40:31,962 INFO 51407 [egg-static] starting static serve /public/ -> /Users/jorky/code/TexasPokerGame/server/src/app/public
2020-04-21 23:40:31,964 INFO 51407 [egg-security] use noopen middleware
2020-04-21 23:40:31,965 INFO 51407 [egg-security] use nosniff middleware
2020-04-21 23:40:31,965 INFO 51407 [egg-security] use xssProtection middleware
2020-04-21 23:40:31,966 INFO 51407 [egg-security] use xframe middleware
2020-04-21 23:40:31,967 INFO 51407 [egg-security] use dta middleware
2020-04-21 23:40:31,967 INFO 51407 [egg-security] compose 5 middlewares into one security middleware
2020-04-21 23:40:31,979 INFO 51407 [egg:core] dump config after load, 7ms
2020-04-21 23:40:31,999 INFO 51407 [egg-redis] client connect success
2020-04-21 23:40:32,005 INFO 51407 [egg-redis] instance[0] status OK, client ready
2020-04-21 23:40:32,009 INFO 51407 [egg-watcher:application] watcher start success
2020-04-21 23:40:32,220 INFO 51407 [egg-mysql] instance[0] status OK, rds currentTime: Tue Apr 21 2020 23:40:32 GMT+0800 (China Standard Time)
2020-04-21 23:40:32,250 INFO 51407 [egg:core] dump config after ready, 6ms
2020-04-22 23:38:14,656 INFO 51857 [egg:logger] init all loggers with options: {"dir":"/Users/jorky/code/TexasPokerGame/server/logs/game-node-center","encoding":"utf8","env":"local","level":"INFO","consoleLevel":"INFO","disableConsoleAfterReady":false,"outputJSON":false,"buffer":true,"appLogName":"app.log","coreLogName":"core.log","agentLogName":"agent.log","errorLogName":"error.log","coreLogger":{"consoleLevel":"WARN"},"allowDebugAtProd":false,"type":"application"}
2020-04-22 23:38:14,680 INFO 51857 [egg-multipart] stream mode enable
2020-04-22 23:38:14,746 INFO 51857 [egg-redis] server connecting redis://:***@127.0.0.1:6379/0
2020-04-22 23:38:14,765 INFO 51857 [egg-mysql] connecting root@47.104.172.100:3306/poker
2020-04-22 23:38:14,942 INFO 51857 [egg-static] starting static serve /public/ -> /Users/jorky/code/TexasPokerGame/server/src/app/public
2020-04-22 23:38:14,944 INFO 51857 [egg-security] use noopen middleware
2020-04-22 23:38:14,944 INFO 51857 [egg-security] use nosniff middleware
2020-04-22 23:38:14,945 INFO 51857 [egg-security] use xssProtection middleware
2020-04-22 23:38:14,945 INFO 51857 [egg-security] use xframe middleware
2020-04-22 23:38:14,946 INFO 51857 [egg-security] use dta middleware
2020-04-22 23:38:14,946 INFO 51857 [egg-security] compose 5 middlewares into one security middleware
2020-04-22 23:38:14,957 INFO 51857 [egg:core] dump config after load, 8ms
2020-04-22 23:38:14,970 INFO 51857 [egg-redis] client connect success
2020-04-22 23:38:14,975 INFO 51857 [egg-redis] instance[0] status OK, client ready
2020-04-22 23:38:14,977 INFO 51857 [egg-watcher:application] watcher start success
2020-04-22 23:38:25,007 INFO 51857 [egg:core] dump config after ready, 8ms
2020-04-22 23:39:34,340 INFO 51873 [egg:logger] init all loggers with options: {"dir":"/Users/jorky/code/TexasPokerGame/server/logs/game-node-center","encoding":"utf8","env":"local","level":"INFO","consoleLevel":"INFO","disableConsoleAfterReady":false,"outputJSON":false,"buffer":true,"appLogName":"app.log","coreLogName":"core.log","agentLogName":"agent.log","errorLogName":"error.log","coreLogger":{"consoleLevel":"WARN"},"allowDebugAtProd":false,"type":"application"}
2020-04-22 23:39:34,362 INFO 51873 [egg-multipart] stream mode enable
2020-04-22 23:39:34,422 INFO 51873 [egg-redis] server connecting redis://:***@127.0.0.1:6379/0
2020-04-22 23:39:34,439 INFO 51873 [egg-mysql] connecting root@47.104.172.100:3306/poker
2020-04-22 23:39:34,605 INFO 51873 [egg-static] starting static serve /public/ -> /Users/jorky/code/TexasPokerGame/server/src/app/public
2020-04-22 23:39:34,607 INFO 51873 [egg-security] use noopen middleware
2020-04-22 23:39:34,608 INFO 51873 [egg-security] use nosniff middleware
2020-04-22 23:39:34,609 INFO 51873 [egg-security] use xssProtection middleware
2020-04-22 23:39:34,610 INFO 51873 [egg-security] use xframe middleware
2020-04-22 23:39:34,611 INFO 51873 [egg-security] use dta middleware
2020-04-22 23:39:34,611 INFO 51873 [egg-security] compose 5 middlewares into one security middleware
2020-04-22 23:39:34,620 INFO 51873 [egg:core] dump config after load, 5ms
2020-04-22 23:39:34,631 INFO 51873 [egg-redis] client connect success
2020-04-22 23:39:34,636 INFO 51873 [egg-redis] instance[0] status OK, client ready
2020-04-22 23:39:34,639 INFO 51873 [egg-watcher:application] watcher start success
2020-04-22 23:39:34,880 INFO 51873 [egg-mysql] instance[0] status OK, rds currentTime: Wed Apr 22 2020 23:39:34 GMT+0800 (China Standard Time)
2020-04-22 23:39:34,926 INFO 51873 [egg:core] dump config after ready, 8ms
2020-04-22 23:44:43,668 INFO 51959 [egg:logger] init all loggers with options: {"dir":"/Users/jorky/code/TexasPokerGame/server/logs/game-node-center","encoding":"utf8","env":"local","level":"INFO","consoleLevel":"INFO","disableConsoleAfterReady":false,"outputJSON":false,"buffer":true,"appLogName":"app.log","coreLogName":"core.log","agentLogName":"agent.log","errorLogName":"error.log","coreLogger":{"consoleLevel":"WARN"},"allowDebugAtProd":false,"type":"application"}
2020-04-22 23:44:43,690 INFO 51959 [egg-multipart] stream mode enable
2020-04-22 23:44:43,735 INFO 51959 [egg-redis] server connecting redis://:***@127.0.0.1:6379/0
2020-04-22 23:44:43,755 INFO 51959 [egg-mysql] connecting root@47.104.172.100:3306/poker
2020-04-22 23:44:43,970 INFO 51959 [egg-static] starting static serve /public/ -> /Users/jorky/code/TexasPokerGame/server/src/app/public
2020-04-22 23:44:43,973 INFO 51959 [egg-security] use noopen middleware
2020-04-22 23:44:43,974 INFO 51959 [egg-security] use nosniff middleware
2020-04-22 23:44:43,975 INFO 51959 [egg-security] use xssProtection middleware
2020-04-22 23:44:43,976 INFO 51959 [egg-security] use xframe middleware
2020-04-22 23:44:43,977 INFO 51959 [egg-security] use dta middleware
2020-04-22 23:44:43,977 INFO 51959 [egg-security] compose 5 middlewares into one security middleware
2020-04-22 23:44:43,989 INFO 51959 [egg:core] dump config after load, 7ms
2020-04-22 23:44:44,008 INFO 51959 [egg-redis] client connect success
2020-04-22 23:44:44,015 INFO 51959 [egg-redis] instance[0] status OK, client ready
2020-04-22 23:44:44,017 INFO 51959 [egg-watcher:application] watcher start success
2020-04-22 23:44:44,198 INFO 51959 [egg-mysql] instance[0] status OK, rds currentTime: Wed Apr 22 2020 23:44:44 GMT+0800 (China Standard Time)
2020-04-22 23:44:44,224 INFO 51959 [egg:core] dump config after ready, 9ms
2020-04-22 23:50:16,776 ERROR 51959 incorrect action: check
2020-04-23 21:20:11,762 INFO 52898 [egg:logger] init all loggers with options: {"dir":"/Users/jorky/code/TexasPokerGame/server/logs/game-node-center","encoding":"utf8","env":"local","level":"INFO","consoleLevel":"INFO","disableConsoleAfterReady":false,"outputJSON":false,"buffer":true,"appLogName":"app.log","coreLogName":"core.log","agentLogName":"agent.log","errorLogName":"error.log","coreLogger":{"consoleLevel":"WARN"},"allowDebugAtProd":false,"type":"application"}
2020-04-23 21:20:11,786 INFO 52898 [egg-multipart] stream mode enable
2020-04-23 21:20:11,850 INFO 52898 [egg-redis] server connecting redis://:***@127.0.0.1:6379/0
2020-04-23 21:20:11,866 INFO 52898 [egg-mysql] connecting root@47.104.172.100:3306/poker
2020-04-23 21:20:12,038 INFO 52898 [egg-static] starting static serve /public/ -> /Users/jorky/code/TexasPokerGame/server/src/app/public
2020-04-23 21:20:12,040 INFO 52898 [egg-security] use noopen middleware
2020-04-23 21:20:12,040 INFO 52898 [egg-security] use nosniff middleware
2020-04-23 21:20:12,041 INFO 52898 [egg-security] use xssProtection middleware
2020-04-23 21:20:12,042 INFO 52898 [egg-security] use xframe middleware
2020-04-23 21:20:12,043 INFO 52898 [egg-security] use dta middleware
2020-04-23 21:20:12,043 INFO 52898 [egg-security] compose 5 middlewares into one security middleware
2020-04-23 21:20:12,051 INFO 52898 [egg:core] dump config after load, 5ms
2020-04-23 21:20:12,065 INFO 52898 [egg-redis] client connect success
2020-04-23 21:20:12,070 INFO 52898 [egg-redis] instance[0] status OK, client ready
2020-04-23 21:20:12,072 INFO 52898 [egg-watcher:application] watcher start success
2020-04-23 21:20:12,267 INFO 52898 [egg-mysql] instance[0] status OK, rds currentTime: Thu Apr 23 2020 21:20:12 GMT+0800 (China Standard Time)
2020-04-23 21:20:12,296 INFO 52898 [egg:core] dump config after ready, 7ms
2020-04-23 22:40:56,816 WARN 52898 [ClusterClient:Watcher] follower closed, and try to init it again
2020-04-24 00:21:50,009 WARN 52898 [TCPBase] socket is closed by other side while there were still unhandled data in the socket buffer
2020-04-24 00:21:50,009 WARN 52898 [ClusterClient:Watcher] follower closed, and try to init it again
2020-04-24 00:22:26,166 ERROR 52898 incorrect action: check
2020-04-24 00:30:09,626 WARN 52898 [ClusterClient:Watcher] follower closed, and try to init it again
2020-04-27 21:20:53,364 INFO 56754 [egg:logger] init all loggers with options: {"dir":"/Users/jorky/code/TexasPokerGame/server/logs/game-node-center","encoding":"utf8","env":"local","level":"INFO","consoleLevel":"INFO","disableConsoleAfterReady":false,"outputJSON":false,"buffer":true,"appLogName":"app.log","coreLogName":"core.log","agentLogName":"agent.log","errorLogName":"error.log","coreLogger":{"consoleLevel":"WARN"},"allowDebugAtProd":false,"type":"application"}
2020-04-27 21:20:53,386 INFO 56754 [egg-multipart] stream mode enable
2020-04-27 21:20:53,450 INFO 56754 [egg-redis] server connecting redis://:***@127.0.0.1:6379/0
2020-04-27 21:20:53,475 INFO 56754 [egg-mysql] connecting root@47.104.172.100:3306/poker
2020-04-27 21:20:53,643 INFO 56754 [egg-static] starting static serve /public/ -> /Users/jorky/code/TexasPokerGame/server/src/app/public
2020-04-27 21:20:53,645 INFO 56754 [egg-security] use noopen middleware
2020-04-27 21:20:53,646 INFO 56754 [egg-security] use nosniff middleware
2020-04-27 21:20:53,646 INFO 56754 [egg-security] use xssProtection middleware
2020-04-27 21:20:53,647 INFO 56754 [egg-security] use xframe middleware
2020-04-27 21:20:53,648 INFO 56754 [egg-security] use dta middleware
2020-04-27 21:20:53,648 INFO 56754 [egg-security] compose 5 middlewares into one security middleware
2020-04-27 21:20:53,656 INFO 56754 [egg:core] dump config after load, 5ms
2020-04-27 21:20:53,668 INFO 56754 [egg-redis] client connect success
2020-04-27 21:20:53,673 INFO 56754 [egg-redis] instance[0] status OK, client ready
2020-04-27 21:20:53,675 INFO 56754 [egg-watcher:application] watcher start success
2020-04-27 21:20:53,867 INFO 56754 [egg-mysql] instance[0] status OK, rds currentTime: Mon Apr 27 2020 21:20:53 GMT+0800 (China Standard Time)
2020-04-27 21:20:53,900 INFO 56754 [egg:core] dump config after ready, 5ms
2020-04-27 21:38:33,621 INFO 56817 [egg:logger] init all loggers with options: {"dir":"/Users/jorky/code/TexasPokerGame/server/logs/game-node-center","encoding":"utf8","env":"local","level":"INFO","consoleLevel":"INFO","disableConsoleAfterReady":false,"outputJSON":false,"buffer":true,"appLogName":"app.log","coreLogName":"core.log","agentLogName":"agent.log","errorLogName":"error.log","coreLogger":{"consoleLevel":"WARN"},"allowDebugAtProd":false,"type":"application"}
2020-04-27 21:38:33,652 INFO 56817 [egg-multipart] stream mode enable
2020-04-27 21:38:33,729 INFO 56817 [egg-redis] server connecting redis://:***@127.0.0.1:6379/0
2020-04-27 21:38:33,755 INFO 56817 [egg-mysql] connecting root@47.104.172.100:3306/poker
2020-04-27 21:38:33,944 INFO 56817 [egg-static] starting static serve /public/ -> /Users/jorky/code/TexasPokerGame/server/src/app/public
2020-04-27 21:38:33,947 INFO 56817 [egg-security] use noopen middleware
2020-04-27 21:38:33,948 INFO 56817 [egg-security] use nosniff middleware
2020-04-27 21:38:33,949 INFO 56817 [egg-security] use xssProtection middleware
2020-04-27 21:38:33,950 INFO 56817 [egg-security] use xframe middleware
2020-04-27 21:38:33,950 INFO 56817 [egg-security] use dta middleware
2020-04-27 21:38:33,950 INFO 56817 [egg-security] compose 5 middlewares into one security middleware
2020-04-27 21:38:33,960 INFO 56817 [egg:core] dump config after load, 7ms
2020-04-27 21:38:33,978 INFO 56817 [egg-redis] client connect success
2020-04-27 21:38:33,983 INFO 56817 [egg-redis] instance[0] status OK, client ready
2020-04-27 21:38:33,986 INFO 56817 [egg-watcher:application] watcher start success
2020-04-27 21:38:36,238 INFO 56817 [egg-mysql] instance[0] status OK, rds currentTime: Mon Apr 27 2020 21:38:36 GMT+0800 (China Standard Time)
2020-04-27 21:38:36,269 INFO 56817 [egg:core] dump config after ready, 6ms
2020-04-27 21:44:12,691 ERROR 56817 nodejs.TypeError: Cannot read property '0' of undefined (uncaughtException throw 1 times on pid:56817)
    at /Users/jorky/code/TexasPokerGame/server/src/app/io/controller/game.ts:85:69
    at processTicksAndRejections (internal/process/task_queues.js:79:11)

pid: 56817
hostname: 192.168.0.103

2020-04-27 21:44:56,898 INFO 56872 [egg:logger] init all loggers with options: {"dir":"/Users/jorky/code/TexasPokerGame/server/logs/game-node-center","encoding":"utf8","env":"local","level":"INFO","consoleLevel":"INFO","disableConsoleAfterReady":false,"outputJSON":false,"buffer":true,"appLogName":"app.log","coreLogName":"core.log","agentLogName":"agent.log","errorLogName":"error.log","coreLogger":{"consoleLevel":"WARN"},"allowDebugAtProd":false,"type":"application"}
2020-04-27 21:44:56,921 INFO 56872 [egg-multipart] stream mode enable
2020-04-27 21:44:56,984 INFO 56872 [egg-redis] server connecting redis://:***@127.0.0.1:6379/0
2020-04-27 21:44:57,001 INFO 56872 [egg-mysql] connecting root@47.104.172.100:3306/poker
2020-04-27 21:44:57,170 INFO 56872 [egg-static] starting static serve /public/ -> /Users/jorky/code/TexasPokerGame/server/src/app/public
2020-04-27 21:44:57,172 INFO 56872 [egg-security] use noopen middleware
2020-04-27 21:44:57,173 INFO 56872 [egg-security] use nosniff middleware
2020-04-27 21:44:57,174 INFO 56872 [egg-security] use xssProtection middleware
2020-04-27 21:44:57,174 INFO 56872 [egg-security] use xframe middleware
2020-04-27 21:44:57,175 INFO 56872 [egg-security] use dta middleware
2020-04-27 21:44:57,175 INFO 56872 [egg-security] compose 5 middlewares into one security middleware
2020-04-27 21:44:57,183 INFO 56872 [egg:core] dump config after load, 5ms
2020-04-27 21:44:57,195 INFO 56872 [egg-redis] client connect success
2020-04-27 21:44:57,199 INFO 56872 [egg-redis] instance[0] status OK, client ready
2020-04-27 21:44:57,201 INFO 56872 [egg-watcher:application] watcher start success
2020-04-27 21:44:57,410 INFO 56872 [egg-mysql] instance[0] status OK, rds currentTime: Mon Apr 27 2020 21:44:57 GMT+0800 (China Standard Time)
2020-04-27 21:44:57,438 INFO 56872 [egg:core] dump config after ready, 6ms
2020-04-27 21:49:55,157 INFO 56908 [egg:logger] init all loggers with options: {"dir":"/Users/jorky/code/TexasPokerGame/server/logs/game-node-center","encoding":"utf8","env":"local","level":"INFO","consoleLevel":"INFO","disableConsoleAfterReady":false,"outputJSON":false,"buffer":true,"appLogName":"app.log","coreLogName":"core.log","agentLogName":"agent.log","errorLogName":"error.log","coreLogger":{"consoleLevel":"WARN"},"allowDebugAtProd":false,"type":"application"}
2020-04-27 21:49:55,185 INFO 56908 [egg-multipart] stream mode enable
2020-04-27 21:49:55,271 INFO 56908 [egg-redis] server connecting redis://:***@127.0.0.1:6379/0
2020-04-27 21:49:55,320 INFO 56908 [egg-mysql] connecting root@47.104.172.100:3306/poker
2020-04-27 21:49:55,491 INFO 56908 [egg-static] starting static serve /public/ -> /Users/jorky/code/TexasPokerGame/server/src/app/public
2020-04-27 21:49:55,494 INFO 56908 [egg-security] use noopen middleware
2020-04-27 21:49:55,495 INFO 56908 [egg-security] use nosniff middleware
2020-04-27 21:49:55,496 INFO 56908 [egg-security] use xssProtection middleware
2020-04-27 21:49:55,497 INFO 56908 [egg-security] use xframe middleware
2020-04-27 21:49:55,498 INFO 56908 [egg-security] use dta middleware
2020-04-27 21:49:55,498 INFO 56908 [egg-security] compose 5 middlewares into one security middleware
2020-04-27 21:49:55,506 INFO 56908 [egg:core] dump config after load, 6ms
2020-04-27 21:49:55,519 INFO 56908 [egg-redis] client connect success
2020-04-27 21:49:55,523 INFO 56908 [egg-redis] instance[0] status OK, client ready
2020-04-27 21:49:55,526 INFO 56908 [egg-watcher:application] watcher start success
2020-04-27 21:49:55,731 INFO 56908 [egg-mysql] instance[0] status OK, rds currentTime: Mon Apr 27 2020 21:49:55 GMT+0800 (China Standard Time)
2020-04-27 21:49:55,760 INFO 56908 [egg:core] dump config after ready, 6ms
2020-04-27 21:51:04,942 INFO 56936 [egg:logger] init all loggers with options: {"dir":"/Users/jorky/code/TexasPokerGame/server/logs/game-node-center","encoding":"utf8","env":"local","level":"INFO","consoleLevel":"INFO","disableConsoleAfterReady":false,"outputJSON":false,"buffer":true,"appLogName":"app.log","coreLogName":"core.log","agentLogName":"agent.log","errorLogName":"error.log","coreLogger":{"consoleLevel":"WARN"},"allowDebugAtProd":false,"type":"application"}
2020-04-27 21:51:04,964 INFO 56936 [egg-multipart] stream mode enable
2020-04-27 21:51:04,988 INFO 56936 [egg-redis] server connecting redis://:***@127.0.0.1:6379/0
2020-04-27 21:51:05,003 INFO 56936 [egg-mysql] connecting root@47.104.172.100:3306/poker
2020-04-27 21:51:05,075 INFO 56936 [egg-static] starting static serve /public/ -> /Users/jorky/code/TexasPokerGame/server/src/app/public
2020-04-27 21:51:05,076 INFO 56936 [egg-security] use noopen middleware
2020-04-27 21:51:05,076 INFO 56936 [egg-security] use nosniff middleware
2020-04-27 21:51:05,077 INFO 56936 [egg-security] use xssProtection middleware
2020-04-27 21:51:05,077 INFO 56936 [egg-security] use xframe middleware
2020-04-27 21:51:05,077 INFO 56936 [egg-security] use dta middleware
2020-04-27 21:51:05,077 INFO 56936 [egg-security] compose 5 middlewares into one security middleware
2020-04-27 21:51:05,085 INFO 56936 [egg:core] dump config after load, 5ms
2020-04-27 21:51:05,096 INFO 56936 [egg-redis] client connect success
2020-04-27 21:51:05,100 INFO 56936 [egg-redis] instance[0] status OK, client ready
2020-04-27 21:51:05,102 INFO 56936 [egg-watcher:application] watcher start success
2020-04-27 21:51:05,340 INFO 56936 [egg-mysql] instance[0] status OK, rds currentTime: Mon Apr 27 2020 21:51:05 GMT+0800 (China Standard Time)
2020-04-27 21:51:05,352 INFO 56936 [egg:core] dump config after ready, 5ms
2020-04-27 21:55:00,193 ERROR 56936 [egg-redis] client error: Error: connect ECONNREFUSED 127.0.0.1:6379
    at TCPConnectWrap.afterConnect [as oncomplete] (net.js:1137:16) {
  errno: 'ECONNREFUSED',
  code: 'ECONNREFUSED',
  syscall: 'connect',
  address: '127.0.0.1',
  port: 6379
}
2020-04-27 21:55:00,193 ERROR 56936 nodejs.ECONNREFUSEDError: connect ECONNREFUSED 127.0.0.1:6379
    at TCPConnectWrap.afterConnect [as oncomplete] (net.js:1137:16)
errno: "ECONNREFUSED"
code: "ECONNREFUSED"
syscall: "connect"
address: "127.0.0.1"
port: 6379
name: "ECONNREFUSEDError"
pid: 56936
hostname: 192.168.0.103

2020-04-27 21:55:00,296 ERROR 56936 [egg-redis] client error: Error: connect ECONNREFUSED 127.0.0.1:6379
    at TCPConnectWrap.afterConnect [as oncomplete] (net.js:1137:16) {
  errno: 'ECONNREFUSED',
  code: 'ECONNREFUSED',
  syscall: 'connect',
  address: '127.0.0.1',
  port: 6379
}
2020-04-27 21:55:00,297 ERROR 56936 nodejs.ECONNREFUSEDError: connect ECONNREFUSED 127.0.0.1:6379
    at TCPConnectWrap.afterConnect [as oncomplete] (net.js:1137:16)
errno: "ECONNREFUSED"
code: "ECONNREFUSED"
syscall: "connect"
address: "127.0.0.1"
port: 6379
name: "ECONNREFUSEDError"
pid: 56936
hostname: 192.168.0.103

2020-04-27 21:55:00,331 ERROR 56936 nodejs.ECONNREFUSEDError: Redis connection to 127.0.0.1:6379 failed - connect ECONNREFUSED 127.0.0.1:6379
    at TCPConnectWrap.afterConnect [as oncomplete] (net.js:1137:16)
errno: "ECONNREFUSED"
code: "ECONNREFUSED"
syscall: "connect"
address: "127.0.0.1"
port: 6379
name: "ECONNREFUSEDError"
pid: 56936
hostname: 192.168.0.103

2020-04-27 21:55:00,333 ERROR 56936 nodejs.ECONNREFUSEDError: Redis connection to 127.0.0.1:6379 failed - connect ECONNREFUSED 127.0.0.1:6379
    at TCPConnectWrap.afterConnect [as oncomplete] (net.js:1137:16)
errno: "ECONNREFUSED"
code: "ECONNREFUSED"
syscall: "connect"
address: "127.0.0.1"
port: 6379
name: "ECONNREFUSEDError"
pid: 56936
hostname: 192.168.0.103

2020-04-27 21:55:00,334 ERROR 56936 nodejs.ECONNREFUSEDError: Redis connection to 127.0.0.1:6379 failed - connect ECONNREFUSED 127.0.0.1:6379
    at TCPConnectWrap.afterConnect [as oncomplete] (net.js:1137:16)
errno: "ECONNREFUSED"
code: "ECONNREFUSED"
syscall: "connect"
address: "127.0.0.1"
port: 6379
name: "ECONNREFUSEDError"
pid: 56936
hostname: 192.168.0.103

2020-04-27 21:55:00,334 ERROR 56936 nodejs.ECONNREFUSEDError: Redis connection to 127.0.0.1:6379 failed - connect ECONNREFUSED 127.0.0.1:6379
    at TCPConnectWrap.afterConnect [as oncomplete] (net.js:1137:16)
errno: "ECONNREFUSED"
code: "ECONNREFUSED"
syscall: "connect"
address: "127.0.0.1"
port: 6379
name: "ECONNREFUSEDError"
pid: 56936
hostname: 192.168.0.103

2020-04-27 21:55:00,451 ERROR 56936 [egg-redis] client error: Error: connect ECONNREFUSED 127.0.0.1:6379
    at TCPConnectWrap.afterConnect [as oncomplete] (net.js:1137:16) {
  errno: 'ECONNREFUSED',
  code: 'ECONNREFUSED',
  syscall: 'connect',
  address: '127.0.0.1',
  port: 6379
}
2020-04-27 21:55:00,452 ERROR 56936 nodejs.ECONNREFUSEDError: connect ECONNREFUSED 127.0.0.1:6379
    at TCPConnectWrap.afterConnect [as oncomplete] (net.js:1137:16)
errno: "ECONNREFUSED"
code: "ECONNREFUSED"
syscall: "connect"
address: "127.0.0.1"
port: 6379
name: "ECONNREFUSEDError"
pid: 56936
hostname: 192.168.0.103

2020-04-27 21:55:00,654 ERROR 56936 [egg-redis] client error: Error: connect ECONNREFUSED 127.0.0.1:6379
    at TCPConnectWrap.afterConnect [as oncomplete] (net.js:1137:16) {
  errno: 'ECONNREFUSED',
  code: 'ECONNREFUSED',
  syscall: 'connect',
  address: '127.0.0.1',
  port: 6379
}
2020-04-27 21:55:00,655 ERROR 56936 nodejs.ECONNREFUSEDError: connect ECONNREFUSED 127.0.0.1:6379
    at TCPConnectWrap.afterConnect [as oncomplete] (net.js:1137:16)
errno: "ECONNREFUSED"
code: "ECONNREFUSED"
syscall: "connect"
address: "127.0.0.1"
port: 6379
name: "ECONNREFUSEDError"
pid: 56936
hostname: 192.168.0.103

2020-04-27 21:55:00,676 ERROR 56936 nodejs.ECONNREFUSEDError: Redis connection to 127.0.0.1:6379 failed - connect ECONNREFUSED 127.0.0.1:6379
    at TCPConnectWrap.afterConnect [as oncomplete] (net.js:1137:16)
errno: "ECONNREFUSED"
code: "ECONNREFUSED"
syscall: "connect"
address: "127.0.0.1"
port: 6379
name: "ECONNREFUSEDError"
pid: 56936
hostname: 192.168.0.103

2020-04-27 21:55:00,676 ERROR 56936 nodejs.ECONNREFUSEDError: Redis connection to 127.0.0.1:6379 failed - connect ECONNREFUSED 127.0.0.1:6379
    at TCPConnectWrap.afterConnect [as oncomplete] (net.js:1137:16)
errno: "ECONNREFUSED"
code: "ECONNREFUSED"
syscall: "connect"
address: "127.0.0.1"
port: 6379
name: "ECONNREFUSEDError"
pid: 56936
hostname: 192.168.0.103

2020-04-27 21:55:00,677 ERROR 56936 nodejs.ECONNREFUSEDError: Redis connection to 127.0.0.1:6379 failed - connect ECONNREFUSED 127.0.0.1:6379
    at TCPConnectWrap.afterConnect [as oncomplete] (net.js:1137:16)
errno: "ECONNREFUSED"
code: "ECONNREFUSED"
syscall: "connect"
address: "127.0.0.1"
port: 6379
name: "ECONNREFUSEDError"
pid: 56936
hostname: 192.168.0.103

2020-04-27 21:55:00,677 ERROR 56936 nodejs.ECONNREFUSEDError: Redis connection to 127.0.0.1:6379 failed - connect ECONNREFUSED 127.0.0.1:6379
    at TCPConnectWrap.afterConnect [as oncomplete] (net.js:1137:16)
errno: "ECONNREFUSED"
code: "ECONNREFUSED"
syscall: "connect"
address: "127.0.0.1"
port: 6379
name: "ECONNREFUSEDError"
pid: 56936
hostname: 192.168.0.103

2020-04-27 21:55:00,908 ERROR 56936 [egg-redis] client error: Error: connect ECONNREFUSED 127.0.0.1:6379
    at TCPConnectWrap.afterConnect [as oncomplete] (net.js:1137:16) {
  errno: 'ECONNREFUSED',
  code: 'ECONNREFUSED',
  syscall: 'connect',
  address: '127.0.0.1',
  port: 6379
}
2020-04-27 21:55:00,909 ERROR 56936 nodejs.ECONNREFUSEDError: connect ECONNREFUSED 127.0.0.1:6379
    at TCPConnectWrap.afterConnect [as oncomplete] (net.js:1137:16)
errno: "ECONNREFUSED"
code: "ECONNREFUSED"
syscall: "connect"
address: "127.0.0.1"
port: 6379
name: "ECONNREFUSEDError"
pid: 56936
hostname: 192.168.0.103

2020-04-27 21:55:01,212 ERROR 56936 [egg-redis] client error: Error: connect ECONNREFUSED 127.0.0.1:6379
    at TCPConnectWrap.afterConnect [as oncomplete] (net.js:1137:16) {
  errno: 'ECONNREFUSED',
  code: 'ECONNREFUSED',
  syscall: 'connect',
  address: '127.0.0.1',
  port: 6379
}
2020-04-27 21:55:01,213 ERROR 56936 nodejs.ECONNREFUSEDError: connect ECONNREFUSED 127.0.0.1:6379
    at TCPConnectWrap.afterConnect [as oncomplete] (net.js:1137:16)
errno: "ECONNREFUSED"
code: "ECONNREFUSED"
syscall: "connect"
address: "127.0.0.1"
port: 6379
name: "ECONNREFUSEDError"
pid: 56936
hostname: 192.168.0.103

2020-04-27 21:55:01,258 ERROR 56936 nodejs.ECONNREFUSEDError: Redis connection to 127.0.0.1:6379 failed - connect ECONNREFUSED 127.0.0.1:6379
    at TCPConnectWrap.afterConnect [as oncomplete] (net.js:1137:16)
errno: "ECONNREFUSED"
code: "ECONNREFUSED"
syscall: "connect"
address: "127.0.0.1"
port: 6379
name: "ECONNREFUSEDError"
pid: 56936
hostname: 192.168.0.103

2020-04-27 21:55:01,258 ERROR 56936 nodejs.ECONNREFUSEDError: Redis connection to 127.0.0.1:6379 failed - connect ECONNREFUSED 127.0.0.1:6379
    at TCPConnectWrap.afterConnect [as oncomplete] (net.js:1137:16)
errno: "ECONNREFUSED"
code: "ECONNREFUSED"
syscall: "connect"
address: "127.0.0.1"
port: 6379
name: "ECONNREFUSEDError"
pid: 56936
hostname: 192.168.0.103

2020-04-27 21:55:01,258 ERROR 56936 nodejs.ECONNREFUSEDError: Redis connection to 127.0.0.1:6379 failed - connect ECONNREFUSED 127.0.0.1:6379
    at TCPConnectWrap.afterConnect [as oncomplete] (net.js:1137:16)
errno: "ECONNREFUSED"
code: "ECONNREFUSED"
syscall: "connect"
address: "127.0.0.1"
port: 6379
name: "ECONNREFUSEDError"
pid: 56936
hostname: 192.168.0.103

2020-04-27 21:55:01,259 ERROR 56936 nodejs.ECONNREFUSEDError: Redis connection to 127.0.0.1:6379 failed - connect ECONNREFUSED 127.0.0.1:6379
    at TCPConnectWrap.afterConnect [as oncomplete] (net.js:1137:16)
errno: "ECONNREFUSED"
code: "ECONNREFUSED"
syscall: "connect"
address: "127.0.0.1"
port: 6379
name: "ECONNREFUSEDError"
pid: 56936
hostname: 192.168.0.103

2020-04-27 21:55:01,568 ERROR 56936 [egg-redis] client error: Error: connect ECONNREFUSED 127.0.0.1:6379
    at TCPConnectWrap.afterConnect [as oncomplete] (net.js:1137:16) {
  errno: 'ECONNREFUSED',
  code: 'ECONNREFUSED',
  syscall: 'connect',
  address: '127.0.0.1',
  port: 6379
}
2020-04-27 21:55:01,569 ERROR 56936 nodejs.ECONNREFUSEDError: connect ECONNREFUSED 127.0.0.1:6379
    at TCPConnectWrap.afterConnect [as oncomplete] (net.js:1137:16)
errno: "ECONNREFUSED"
code: "ECONNREFUSED"
syscall: "connect"
address: "127.0.0.1"
port: 6379
name: "ECONNREFUSEDError"
pid: 56936
hostname: 192.168.0.103

2020-04-27 21:55:01,974 ERROR 56936 [egg-redis] client error: Error: connect ECONNREFUSED 127.0.0.1:6379
    at TCPConnectWrap.afterConnect [as oncomplete] (net.js:1137:16) {
  errno: 'ECONNREFUSED',
  code: 'ECONNREFUSED',
  syscall: 'connect',
  address: '127.0.0.1',
  port: 6379
}
2020-04-27 21:55:01,974 ERROR 56936 nodejs.ECONNREFUSEDError: connect ECONNREFUSED 127.0.0.1:6379
    at TCPConnectWrap.afterConnect [as oncomplete] (net.js:1137:16)
errno: "ECONNREFUSED"
code: "ECONNREFUSED"
syscall: "connect"
address: "127.0.0.1"
port: 6379
name: "ECONNREFUSEDError"
pid: 56936
hostname: 192.168.0.103

2020-04-27 21:55:02,242 ERROR 56936 nodejs.ECONNREFUSEDError: Redis connection to 127.0.0.1:6379 failed - connect ECONNREFUSED 127.0.0.1:6379
    at TCPConnectWrap.afterConnect [as oncomplete] (net.js:1137:16)
errno: "ECONNREFUSED"
code: "ECONNREFUSED"
syscall: "connect"
address: "127.0.0.1"
port: 6379
name: "ECONNREFUSEDError"
pid: 56936
hostname: 192.168.0.103

2020-04-27 21:55:02,242 ERROR 56936 nodejs.ECONNREFUSEDError: Redis connection to 127.0.0.1:6379 failed - connect ECONNREFUSED 127.0.0.1:6379
    at TCPConnectWrap.afterConnect [as oncomplete] (net.js:1137:16)
errno: "ECONNREFUSED"
code: "ECONNREFUSED"
syscall: "connect"
address: "127.0.0.1"
port: 6379
name: "ECONNREFUSEDError"
pid: 56936
hostname: 192.168.0.103

2020-04-27 21:55:02,243 ERROR 56936 nodejs.ECONNREFUSEDError: Redis connection to 127.0.0.1:6379 failed - connect ECONNREFUSED 127.0.0.1:6379
    at TCPConnectWrap.afterConnect [as oncomplete] (net.js:1137:16)
errno: "ECONNREFUSED"
code: "ECONNREFUSED"
syscall: "connect"
address: "127.0.0.1"
port: 6379
name: "ECONNREFUSEDError"
pid: 56936
hostname: 192.168.0.103

2020-04-27 21:55:02,244 ERROR 56936 nodejs.ECONNREFUSEDError: Redis connection to 127.0.0.1:6379 failed - connect ECONNREFUSED 127.0.0.1:6379
    at TCPConnectWrap.afterConnect [as oncomplete] (net.js:1137:16)
errno: "ECONNREFUSED"
code: "ECONNREFUSED"
syscall: "connect"
address: "127.0.0.1"
port: 6379
name: "ECONNREFUSEDError"
pid: 56936
hostname: 192.168.0.103

2020-04-27 21:55:02,428 ERROR 56936 [egg-redis] client error: Error: connect ECONNREFUSED 127.0.0.1:6379
    at TCPConnectWrap.afterConnect [as oncomplete] (net.js:1137:16) {
  errno: 'ECONNREFUSED',
  code: 'ECONNREFUSED',
  syscall: 'connect',
  address: '127.0.0.1',
  port: 6379
}
2020-04-27 21:55:02,428 ERROR 56936 nodejs.ECONNREFUSEDError: connect ECONNREFUSED 127.0.0.1:6379
    at TCPConnectWrap.afterConnect [as oncomplete] (net.js:1137:16)
errno: "ECONNREFUSED"
code: "ECONNREFUSED"
syscall: "connect"
address: "127.0.0.1"
port: 6379
name: "ECONNREFUSEDError"
pid: 56936
hostname: 192.168.0.103

2020-04-27 21:55:02,935 ERROR 56936 [egg-redis] client error: Error: connect ECONNREFUSED 127.0.0.1:6379
    at TCPConnectWrap.afterConnect [as oncomplete] (net.js:1137:16) {
  errno: 'ECONNREFUSED',
  code: 'ECONNREFUSED',
  syscall: 'connect',
  address: '127.0.0.1',
  port: 6379
}
2020-04-27 21:55:02,935 ERROR 56936 nodejs.ECONNREFUSEDError: connect ECONNREFUSED 127.0.0.1:6379
    at TCPConnectWrap.afterConnect [as oncomplete] (net.js:1137:16)
errno: "ECONNREFUSED"
code: "ECONNREFUSED"
syscall: "connect"
address: "127.0.0.1"
port: 6379
name: "ECONNREFUSEDError"
pid: 56936
hostname: 192.168.0.103

2020-04-27 21:55:03,487 ERROR 56936 [egg-redis] client error: Error: connect ECONNREFUSED 127.0.0.1:6379
    at TCPConnectWrap.afterConnect [as oncomplete] (net.js:1137:16) {
  errno: 'ECONNREFUSED',
  code: 'ECONNREFUSED',
  syscall: 'connect',
  address: '127.0.0.1',
  port: 6379
}
2020-04-27 21:55:03,488 ERROR 56936 nodejs.ECONNREFUSEDError: connect ECONNREFUSED 127.0.0.1:6379
    at TCPConnectWrap.afterConnect [as oncomplete] (net.js:1137:16)
errno: "ECONNREFUSED"
code: "ECONNREFUSED"
syscall: "connect"
address: "127.0.0.1"
port: 6379
name: "ECONNREFUSEDError"
pid: 56936
hostname: 192.168.0.103

2020-04-27 21:55:03,921 ERROR 56936 nodejs.ECONNREFUSEDError: Redis connection to 127.0.0.1:6379 failed - connect ECONNREFUSED 127.0.0.1:6379
    at TCPConnectWrap.afterConnect [as oncomplete] (net.js:1137:16)
errno: "ECONNREFUSED"
code: "ECONNREFUSED"
syscall: "connect"
address: "127.0.0.1"
port: 6379
name: "ECONNREFUSEDError"
pid: 56936
hostname: 192.168.0.103

2020-04-27 21:55:03,921 ERROR 56936 nodejs.ECONNREFUSEDError: Redis connection to 127.0.0.1:6379 failed - connect ECONNREFUSED 127.0.0.1:6379
    at TCPConnectWrap.afterConnect [as oncomplete] (net.js:1137:16)
errno: "ECONNREFUSED"
code: "ECONNREFUSED"
syscall: "connect"
address: "127.0.0.1"
port: 6379
name: "ECONNREFUSEDError"
pid: 56936
hostname: 192.168.0.103

2020-04-27 21:55:03,922 ERROR 56936 nodejs.ECONNREFUSEDError: Redis connection to 127.0.0.1:6379 failed - connect ECONNREFUSED 127.0.0.1:6379
    at TCPConnectWrap.afterConnect [as oncomplete] (net.js:1137:16)
errno: "ECONNREFUSED"
code: "ECONNREFUSED"
syscall: "connect"
address: "127.0.0.1"
port: 6379
name: "ECONNREFUSEDError"
pid: 56936
hostname: 192.168.0.103

2020-04-27 21:55:03,922 ERROR 56936 nodejs.ECONNREFUSEDError: Redis connection to 127.0.0.1:6379 failed - connect ECONNREFUSED 127.0.0.1:6379
    at TCPConnectWrap.afterConnect [as oncomplete] (net.js:1137:16)
errno: "ECONNREFUSED"
code: "ECONNREFUSED"
syscall: "connect"
address: "127.0.0.1"
port: 6379
name: "ECONNREFUSEDError"
pid: 56936
hostname: 192.168.0.103

2020-04-27 21:55:04,090 ERROR 56936 [egg-redis] client error: Error: connect ECONNREFUSED 127.0.0.1:6379
    at TCPConnectWrap.afterConnect [as oncomplete] (net.js:1137:16) {
  errno: 'ECONNREFUSED',
  code: 'ECONNREFUSED',
  syscall: 'connect',
  address: '127.0.0.1',
  port: 6379
}
2020-04-27 21:55:04,090 ERROR 56936 nodejs.ECONNREFUSEDError: connect ECONNREFUSED 127.0.0.1:6379
    at TCPConnectWrap.afterConnect [as oncomplete] (net.js:1137:16)
errno: "ECONNREFUSED"
code: "ECONNREFUSED"
syscall: "connect"
address: "127.0.0.1"
port: 6379
name: "ECONNREFUSEDError"
pid: 56936
hostname: 192.168.0.103

2020-04-27 21:55:04,743 ERROR 56936 [egg-redis] client error: Error: connect ECONNREFUSED 127.0.0.1:6379
    at TCPConnectWrap.afterConnect [as oncomplete] (net.js:1137:16) {
  errno: 'ECONNREFUSED',
  code: 'ECONNREFUSED',
  syscall: 'connect',
  address: '127.0.0.1',
  port: 6379
}
2020-04-27 21:55:04,744 ERROR 56936 nodejs.ECONNREFUSEDError: connect ECONNREFUSED 127.0.0.1:6379
    at TCPConnectWrap.afterConnect [as oncomplete] (net.js:1137:16)
errno: "ECONNREFUSED"
code: "ECONNREFUSED"
syscall: "connect"
address: "127.0.0.1"
port: 6379
name: "ECONNREFUSEDError"
pid: 56936
hostname: 192.168.0.103

2020-04-27 21:55:05,446 INFO 56936 [egg-redis] client connect success
