2020-04-21 00:23:26,354 INFO 48621 [egg-schedule]: register schedule /Users/jorky/code/TexasPokerGame/server/node_modules/egg-multipart/app/schedule/clean_tmpdir.js
2020-04-21 00:23:26,354 INFO 48621 [egg-schedule]: register schedule /Users/jorky/code/TexasPokerGame/server/node_modules/egg-logrotator/app/schedule/clean_log.js
2020-04-21 00:23:26,354 INFO 48621 [egg-schedule]: register schedule /Users/jorky/code/TexasPokerGame/server/node_modules/egg-logrotator/app/schedule/rotate_by_file.js
2020-04-21 00:28:43,409 INFO 48633 [egg-schedule]: register schedule /Users/jorky/code/TexasPokerGame/server/node_modules/egg-multipart/app/schedule/clean_tmpdir.js
2020-04-21 00:28:43,409 INFO 48633 [egg-schedule]: register schedule /Users/jorky/code/TexasPokerGame/server/node_modules/egg-logrotator/app/schedule/clean_log.js
2020-04-21 00:28:43,409 INFO 48633 [egg-schedule]: register schedule /Users/jorky/code/TexasPokerGame/server/node_modules/egg-logrotator/app/schedule/rotate_by_file.js
2020-04-21 00:30:33,856 INFO 48645 [egg-schedule]: register schedule /Users/jorky/code/TexasPokerGame/server/node_modules/egg-multipart/app/schedule/clean_tmpdir.js
2020-04-21 00:30:33,856 INFO 48645 [egg-schedule]: register schedule /Users/jorky/code/TexasPokerGame/server/node_modules/egg-logrotator/app/schedule/clean_log.js
2020-04-21 00:30:33,856 INFO 48645 [egg-schedule]: register schedule /Users/jorky/code/TexasPokerGame/server/node_modules/egg-logrotator/app/schedule/rotate_by_file.js
2020-04-21 22:51:22,043 INFO 49449 [Timer] /Users/jorky/code/TexasPokerGame/server/node_modules/egg-multipart/app/schedule/clean_tmpdir.js next time will execute after 20317960ms at 2020-04-22 04:30:00.003
2020-04-21 22:51:22,043 INFO 49449 [Timer] /Users/jorky/code/TexasPokerGame/server/node_modules/egg-logrotator/app/schedule/clean_log.js next time will execute after 4117957ms at 2020-04-22 00:00:00.000
2020-04-21 22:51:22,043 INFO 49449 [Timer] /Users/jorky/code/TexasPokerGame/server/node_modules/egg-logrotator/app/schedule/rotate_by_file.js next time will execute after 4118957ms at 2020-04-22 00:00:01.000
2020-04-21 22:51:21,398 INFO 49450 [egg-schedule]: register schedule /Users/jorky/code/TexasPokerGame/server/node_modules/egg-multipart/app/schedule/clean_tmpdir.js
2020-04-21 22:51:21,398 INFO 49450 [egg-schedule]: register schedule /Users/jorky/code/TexasPokerGame/server/node_modules/egg-logrotator/app/schedule/clean_log.js
2020-04-21 22:51:21,398 INFO 49450 [egg-schedule]: register schedule /Users/jorky/code/TexasPokerGame/server/node_modules/egg-logrotator/app/schedule/rotate_by_file.js
2020-04-21 23:01:05,266 INFO 49495 [egg-schedule]: register schedule /Users/jorky/code/TexasPokerGame/server/node_modules/egg-multipart/app/schedule/clean_tmpdir.js
2020-04-21 23:01:05,266 INFO 49495 [egg-schedule]: register schedule /Users/jorky/code/TexasPokerGame/server/node_modules/egg-logrotator/app/schedule/clean_log.js
2020-04-21 23:01:05,266 INFO 49495 [egg-schedule]: register schedule /Users/jorky/code/TexasPokerGame/server/node_modules/egg-logrotator/app/schedule/rotate_by_file.js
2020-04-21 23:07:10,861 INFO 49545 [egg-schedule]: register schedule /Users/jorky/code/TexasPokerGame/server/node_modules/egg-multipart/app/schedule/clean_tmpdir.js
2020-04-21 23:07:10,861 INFO 49545 [egg-schedule]: register schedule /Users/jorky/code/TexasPokerGame/server/node_modules/egg-logrotator/app/schedule/clean_log.js
2020-04-21 23:07:10,861 INFO 49545 [egg-schedule]: register schedule /Users/jorky/code/TexasPokerGame/server/node_modules/egg-logrotator/app/schedule/rotate_by_file.js
2020-04-21 23:22:56,780 INFO 49588 [egg-schedule]: register schedule /Users/jorky/code/TexasPokerGame/server/node_modules/egg-multipart/app/schedule/clean_tmpdir.js
2020-04-21 23:22:56,780 INFO 49588 [egg-schedule]: register schedule /Users/jorky/code/TexasPokerGame/server/node_modules/egg-logrotator/app/schedule/clean_log.js
2020-04-21 23:22:56,780 INFO 49588 [egg-schedule]: register schedule /Users/jorky/code/TexasPokerGame/server/node_modules/egg-logrotator/app/schedule/rotate_by_file.js
2020-04-21 23:40:32,255 INFO 51406 [Timer] /Users/jorky/code/TexasPokerGame/server/node_modules/egg-multipart/app/schedule/clean_tmpdir.js next time will execute after 17367747ms at 2020-04-22 04:30:00.002
2020-04-21 23:40:32,255 INFO 51406 [Timer] /Users/jorky/code/TexasPokerGame/server/node_modules/egg-logrotator/app/schedule/clean_log.js next time will execute after 1167745ms at 2020-04-22 00:00:00.000
2020-04-21 23:40:32,255 INFO 51406 [Timer] /Users/jorky/code/TexasPokerGame/server/node_modules/egg-logrotator/app/schedule/rotate_by_file.js next time will execute after 1168745ms at 2020-04-22 00:00:01.000
2020-04-21 23:40:31,699 INFO 51407 [egg-schedule]: register schedule /Users/jorky/code/TexasPokerGame/server/node_modules/egg-multipart/app/schedule/clean_tmpdir.js
2020-04-21 23:40:31,699 INFO 51407 [egg-schedule]: register schedule /Users/jorky/code/TexasPokerGame/server/node_modules/egg-logrotator/app/schedule/clean_log.js
2020-04-21 23:40:31,699 INFO 51407 [egg-schedule]: register schedule /Users/jorky/code/TexasPokerGame/server/node_modules/egg-logrotator/app/schedule/rotate_by_file.js
